Android/ActivityTest/app/build/intermediates/manifest_merge_blame_file/debug/manifest-merger-blame-debug-report.txt
1<?xml version="1.0" encoding="utf-8"?>
2<manifest xmlns:android="http://schemas.android.com/apk/res/android"
3    package="com.example.activitytest"
4    android:versionCode="1"
5    android:versionName="1.0" >
6
7    <uses-sdk
8        android:minSdkVersion="21"
8-->src\main\AndroidManifest.xml
9        android:targetSdkVersion="29" />
9-->src\main\AndroidManifest.xml
10
11    <application
11-->src\main\AndroidManifest.xml:6:5-38:19
12        android:allowBackup="true"
12-->src\main\AndroidManifest.xml:7:9-35
13        android:appComponentFactory="androidx.core.app.CoreComponentFactory"
13-->[androidx.core:core:1.3.1] AndroidManifest.xml:24:18-86
14        android:debuggable="true"
15        android:icon="@mipmap/ic_launcher"
15-->src\main\AndroidManifest.xml:8:9-43
16        android:label="@string/app_name"
16-->src\main\AndroidManifest.xml:9:9-41
17        android:roundIcon="@mipmap/ic_launcher_round"
17-->src\main\AndroidManifest.xml:10:9-54
18        android:supportsRtl="true"
18-->src\main\AndroidManifest.xml:11:9-35
19        android:testOnly="true"
20        android:theme="@style/AppTheme" >
20-->src\main\AndroidManifest.xml:12:9-40
21        <activity android:name="com.example.activitytest.ThirdActivity" >
21-->src\main\AndroidManifest.xml:13:9-19:20
21-->src\main\AndroidManifest.xml:13:19-48
22            <intent-filter>
22-->src\main\AndroidManifest.xml:14:13-18:29
23                <action android:name="android.intent.action.VIEW" />
23-->src\main\AndroidManifest.xml:15:17-68
23-->src\main\AndroidManifest.xml:15:25-66
24
25                <category android:name="android.intent.category.DEFAULT" />
25-->src\main\AndroidManifest.xml:16:17-75
25-->src\main\AndroidManifest.xml:16:27-73
26
27                <data android:scheme="http" />
27-->src\main\AndroidManifest.xml:17:17-46
27-->src\main\AndroidManifest.xml:17:23-44
28            </intent-filter>
29        </activity>
30        <activity android:name="com.example.activitytest.SecondAcitvity" >
30-->src\main\AndroidManifest.xml:20:9-27:20
30-->src\main\AndroidManifest.xml:20:19-49
31            <intent-filter>
31-->src\main\AndroidManifest.xml:21:13-26:29
32                <action android:name="com.example.activitytest.ACTION_START" />
32-->src\main\AndroidManifest.xml:22:17-80
32-->src\main\AndroidManifest.xml:22:25-77
33
34                <category android:name="android.intent.category.DEFAULT" />
34-->src\main\AndroidManifest.xml:16:17-75
34-->src\main\AndroidManifest.xml:16:27-73
35                <category android:name="com.example.activitytest.MY_CATEGORY" />
35-->src\main\AndroidManifest.xml:25:17-81
35-->src\main\AndroidManifest.xml:25:27-78
36            </intent-filter>
37        </activity>
38        <activity
38-->src\main\AndroidManifest.xml:28:9-37:20
39            android:name="com.example.activitytest.FirstActivity"
39-->src\main\AndroidManifest.xml:29:13-42
40            android:label="This is FirstActivity"
40-->src\main\AndroidManifest.xml:31:13-50
41            android:launchMode="singleTop" >
41-->src\main\AndroidManifest.xml:30:13-43
42            <intent-filter>
42-->src\main\AndroidManifest.xml:32:13-36:29
43                <action android:name="android.intent.action.MAIN" />
43-->src\main\AndroidManifest.xml:33:17-69
43-->src\main\AndroidManifest.xml:33:25-66
44
45                <category android:name="android.intent.category.LAUNCHER" />
45-->src\main\AndroidManifest.xml:35:17-77
45-->src\main\AndroidManifest.xml:35:27-74
46            </intent-filter>
47        </activity>
48    </application>
49
50</manifest>